---------------------------------------------
Log C:\Users\Administrator\Desktop\OmegaManager\servers\XI4\profiles\script_2025-04-12_03-30-25.log started at 12.04. 03:30:26

SCRIPT       : Registered 352 temporary action enum(s), UAN==352
SCRIPT    (W): @"GameLabs/Scripts/3_Game/?їЦлї.rtm,370": FIX-ME: Method argument can't be strong reference
SCRIPT    (W): @"Vigrid-BattleRoyale/Scripts_Server/3_Game/logic\timeable.c,29": FIX-ME: Method argument can't be strong reference
SCRIPT    (W): @"GameLabs/Scripts/3_Game/API/ѕцѝњЯ*вљ.wss,200": FIX-ME: Method argument can't be strong reference
SCRIPT    (W): @"GameLabs/Scripts/3_Game/API/ѕцѝњЯ*вљ.wss,210": FIX-ME: Method argument can't be strong reference
SCRIPT    (W): @"GameLabs/Scripts/3_Game/API/ѕцѝњЯ*вљ.wss,220": FIX-ME: Method argument can't be strong reference
SCRIPT    (W): @"GameLabs/Scripts/3_Game/API/ѕцѝњЯ*вљ.wss,230": FIX-ME: Method argument can't be strong reference
SCRIPT    (W): @"GameLabs/Scripts/3_Game/API/ѕцѝњЯ*вљ.wss,240": FIX-ME: Method argument can't be strong reference
SCRIPT    (W): @"GameLabs/Scripts/3_Game/API/ѕцѝњЯ*вљ.wss,250": FIX-ME: Method argument can't be strong reference
SCRIPT    (W): @"GameLabs/Scripts/3_Game/API/ѕцѝњЯ*вљ.wss,260": FIX-ME: Method argument can't be strong reference
SCRIPT    (W): @"GameLabs/Scripts/3_Game/ЯФ?Ьпм.rvmat,84": FIX-ME: Method argument can't be strong reference
SCRIPT    (W): @"GameLabs/Scripts/3_Game/ЯФ?Ьпм.rvmat,95": FIX-ME: Unsafe down-casting, use 'Object.Cast' for safe down-casting
SCRIPT       : ... Backlit Effects Enabled
SCRIPT       : 03:30:28.000 [EXPANSION LOG]: DayZGame<147ba140> Start time (local time) 2025-04-12 03:30:24
SCRIPT       : 03:30:28.001 [EXPANSION LOG]: DayZGame<147ba140> Start time (UTC) 2025-04-12 08:30:24
SCRIPT       : 03:30:28.001 [EXPANSION LOG]: DayZGame<147ba140> Runtime since start (seconds) 4.91
SCRIPT    (W): @"GameLabs/Scripts/4_World/4_Hooking/*вюќѝя.p3d,337": No need to use 'Cast' for up-casting
SCRIPT    (W): @"NulledKillfeed/scripts/4_World/UI/ѝћюљўппФю?щ.ogg,61": FIX-ME: Unsafe down-casting, use 'EntityAI.Cast' for safe down-casting
SCRIPT    (W): @"NulledKillfeed/scripts/4_World/Entities/*Эгц.rvmat,48": FIX-ME: Unsafe down-casting, use 'EntityAI.Cast' for safe down-casting
SCRIPT    (W): @"Vigrid-BattleRoyale/Scripts_Server/5_Mission/battleroyale\server\states\battleroyaleprepare.c,569": Missing ';' at the end of line
SCRIPT    (W): @"Vigrid-BattleRoyale/Scripts_Server/5_Mission/battleroyale\server\states\battleroyalestate.c,424": Missing ';' at the end of line
SCRIPT    (W): @"Vigrid-BattleRoyale/Scripts_Server/5_Mission/battleroyale\server\states\battleroyalestate.c,425": Missing ';' at the end of line
SCRIPT    (W): @"Vigrid-BattleRoyale/Scripts_Server/5_Mission/battleroyale\server\states\battleroyalestate.c,445": Missing ';' at the end of line
SCRIPT    (W): @"Vigrid-BattleRoyale/Scripts_Server/5_Mission/battleroyale\server\states\battleroyalestate.c,463": Missing ';' at the end of line
SCRIPT    (W): @"Vigrid-BattleRoyale/Scripts_Server/5_Mission/battleroyale\server\states\battleroyalewin.c,81": Missing ';' at the end of line
SCRIPT    (W): @"Vigrid-BattleRoyale/Scripts_Server/5_Mission/battleroyale\server\states\battleroyaleround.c,30": FIX-ME: Method argument can't be strong reference
SCRIPT    (W): @"Vigrid-BattleRoyale/Scripts_Server/5_Mission/battleroyale\server\states\battleroyalestartmatch.c,198": FIX-ME: Overloaded method 'OnPlayerKilled', argument name 'killer' differs from prototype 'source'
SCRIPT    (W): @"Vigrid-BattleRoyale/Scripts_Server/5_Mission/battleroyale\server\battleroyalezone.c,27": FIX-ME: Method argument can't be strong reference
SCRIPT    (W): @"Vigrid-BattleRoyale/Scripts_Server/5_Mission/battleroyale\server\battleroyalezone.c,106": FIX-ME: Method argument can't be strong reference
SCRIPT    (W): @"Vigrid-BattleRoyale/Scripts_Server/5_Mission/battleroyale\server\states\battleroyalelastround.c,19": FIX-ME: Method argument can't be strong reference
SCRIPT    (W): @"Vigrid-BattleRoyale/Scripts_Server/5_Mission/battleroyale\server\states\battleroyaleprepare.c,424": FIX-ME: Method argument can't be strong reference
SCRIPT    (W): @"Vigrid-BattleRoyale/Scripts_Server/5_Mission/cot\gui\brmastercontrolsmodule.c,31": FIX-ME: Method argument can't be strong reference
SCRIPT    (W): @"Vigrid-BattleRoyale/Scripts_Server/5_Mission/cot\gui\brmastercontrolsmodule.c,36": FIX-ME: Method argument can't be strong reference
SCRIPT    (W): @"Vigrid-BattleRoyale/Scripts_Server/5_Mission/cot\gui\brmastercontrolsmodule.c,41": FIX-ME: Method argument can't be strong reference
SCRIPT    (W): @"Vigrid-BattleRoyale/Scripts_Server/5_Mission/cot\gui\brmastercontrolsmodule.c,46": FIX-ME: Method argument can't be strong reference
SCRIPT    (W): @"Vigrid-BattleRoyale/Scripts_Server/5_Mission/cot\gui\brmastercontrolsmodule.c,59": FIX-ME: Method argument can't be strong reference
SCRIPT    (W): @"Vigrid-BattleRoyale/Scripts_Server/5_Mission/battleroyale\server\battleroyaleserver.c,420": FIX-ME: Method argument can't be strong reference
SCRIPT    (W): @"Vigrid-BattleRoyale/Scripts_Server/5_Mission/battleroyale\server\battleroyaleserver.c,420": FIX-ME: Method argument can't be strong reference
SCRIPT    (W): @"Vigrid-BattleRoyale/Scripts_Server/5_Mission/battleroyale\server\battleroyaleserver.c,433": FIX-ME: Method argument can't be strong reference
SCRIPT    (W): @"Vigrid-BattleRoyale/Scripts_Server/5_Mission/battleroyale\server\battleroyaleserver.c,433": FIX-ME: Method argument can't be strong reference
SCRIPT    (W): @"Vigrid-BattleRoyale/Scripts_Server/5_Mission/battleroyale\server\battleroyaleserver.c,433": FIX-ME: Method argument can't be strong reference
SCRIPT    (W): @"Vigrid-BattleRoyale/Scripts_Server/5_Mission/battleroyale\server\battleroyaleserver.c,468": FIX-ME: Method argument can't be strong reference
SCRIPT    (W): @"Vigrid-BattleRoyale/Scripts_Server/5_Mission/battleroyale\server\battleroyaleserver.c,468": FIX-ME: Method argument can't be strong reference
SCRIPT    (W): @"Vigrid-BattleRoyale/Scripts_Server/5_Mission/battleroyale\server\battleroyaleserver.c,468": FIX-ME: Method argument can't be strong reference
SCRIPT       : Expansion version: 1.9.22
SCRIPT       : 03:30:46.965 [EXPANSION DEBUG]: [ExpansionDebugSettings] Load existing setting file:$profile:ExpansionMod\Settings\DebugSettings.json
SCRIPT       : 03:30:46.965 [EXPANSION DEBUG]: [ExpansionLogSettings] Load existing setting file:$profile:ExpansionMod\Settings\LogsSettings.json
SCRIPT       : 03:30:46.967 [EXPANSION DEBUG]: [ExpansionNotificationSettings] Load existing setting file:$profile:ExpansionMod\Settings\NotificationSettings.json
SCRIPT       : 03:30:46.967 [EXPANSION DEBUG]: [ExpansionMonitoringSettings] Load existing setting file:$profile:ExpansionMod\Settings\MonitoringSettings.json
SCRIPT       : 03:30:46.968 [EXPANSION DEBUG]: [ExpansionDamageSystemSettings] Load existing setting file:$profile:ExpansionMod\Settings\DamageSystemSettings.json
SCRIPT       : 03:30:46.968 [EXPANSION DEBUG]: [ExpansionMapSettings] Load existing setting file:$mission:expansion\settings\MapSettings.json
SCRIPT       : 03:30:46.969 [EXPANSION DEBUG]: [ExpansionGeneralSettings] Load existing setting file:$profile:ExpansionMod\Settings\GeneralSettings.json
SCRIPT       : 03:30:46.970 [EXPANSION DEBUG]: [ExpansionPlayerListSettings] Load existing setting file:$profile:ExpansionMod\Settings\PlayerListSettings.json
SCRIPT       : 03:30:46.971 [EXPANSION DEBUG]: [ExpansionSocialMediaSettings] Load existing setting file:$profile:ExpansionMod\Settings\SocialMediaSettings.json
SCRIPT       : [DefineTest] EXPANSIONMOD is defined
SCRIPT       : [DefineTest] EXPANSIONMODCORE is defined
SCRIPT       : [DefineTest] EXPANSIONMODKILLFEED is defined
SCRIPT       : [DefineTest] EXPANSIONMODNAVIGATION is defined
SCRIPT       : [DefineTest] CfgMods:
SCRIPT       : defaultAction
SCRIPT       : DayZ
SCRIPT       : DZ_Expansion_Core_Preload
SCRIPT       : DZ_Expansion_KillFeed_Preload
SCRIPT       : DZ_Expansion_ModStorage_Preload
SCRIPT       : DZ_Expansion_Navigation_Preload
SCRIPT       : DZ_Expansion_Preload
SCRIPT       : DabsFramework
SCRIPT       : DZ_Expansion_DefineTest
SCRIPT       : sakhal
SCRIPT       : GameLabs
SCRIPT       : JM_CommunityFramework
SCRIPT       : JM_CommunityOnlineTools
SCRIPT       : NulledKillfeed
SCRIPT       : ReduceCarDamage
SCRIPT       : ServerPanel
SCRIPT       : DZ_Expansion_ModStorage
SCRIPT       : ProjectHopeBackpack
SCRIPT       : UmbrellaZ_mod
SCRIPT       : DZ_Expansion_Core
SCRIPT       : DZ_Expansion_Navigation
SCRIPT       : DZ_Expansion_NotificationScheduler
SCRIPT       : DZ_Expansion_PlayerList
SCRIPT       : DZ_Expansion
SCRIPT       : DZ_Expansion_VanillaFixes
SCRIPT       : DZ_BattleRoyale_Client
SCRIPT       : DZ_BattleRoyale_Server
SCRIPT       : 12.04.2025 03:30:47 [ServerPanelLogger]: Switching to logfile: $profile:/ServerPanel/Logs/ServerPanel_12-04-2025_03-30-47.log
SCRIPT       : Vigrid-BattleRoyale OnInit()
SCRIPT       : [DayZ-BattleRoyale][4] BattleRoyaleServer() Init()
SCRIPT       : Initializing Settings...
SCRIPT       : Saving Config: $profile:Vigrid-BattleRoyale\server_settings.json
SCRIPT       : Saving Config: $profile:Vigrid-BattleRoyale\zone_settings.json
SCRIPT       : Saving Config: $profile:Vigrid-BattleRoyale\spawns_settings.json
SCRIPT       : Saving Config: $profile:Vigrid-BattleRoyale\debug_settings.json
SCRIPT       : Saving Config: $profile:Vigrid-BattleRoyale\general_settings.json
SCRIPT       : Accessing Server Data Config...
SCRIPT       : LockServerWebhook()
SCRIPT       : LockServerWebhook().Send()
SCRIPT       : LockServerCallback() 4
SCRIPT       : CreateMatchWebhook()
SCRIPT       : CreateMatchWebhook().getMatchUUID()
SCRIPT       : CreateMatchWebhook().getMatchUUID() result: {
    "jwt_token": "dummy"
}
SCRIPT       : [DayZ-BattleRoyale] Erreur getting match uuid. Got: 
SCRIPT       : [DayZ-BattleRoyale][4] Match UUID: 
SCRIPT       : Accessing Game Data Config...
SCRIPT       : Accessing Game Data Config...
SCRIPT       : Accessing Game Data Config...
SCRIPT       : Accessing Debug Data Config...
SCRIPT       : Accessing Game Data Config...
SCRIPT       : Accessing Debug Data Config...
SCRIPT       : Accessing Debug Data Config...
SCRIPT       : Accessing Game Data Config...
SCRIPT       : Accessing Debug Data Config...
SCRIPT       : Accessing Game Data Config...
SCRIPT       : Accessing Spawns Data Config...
SCRIPT       : Accessing Server Data Config...
SCRIPT       : Accessing Game Data Config...
SCRIPT       : [DayZ-BattleRoyale][4] Add Round 0
SCRIPT       : Accessing Game Data Config...
SCRIPT       : Gameplay State (0) Init!
SCRIPT       : Can't cast m_PreviousState to BattleRoyaleRound!
SCRIPT       : No previous zone, default to 1
SCRIPT       : [BattleRoyaleZone] Create zone 0
SCRIPT       : Accessing Zone Data Config...
SCRIPT       : Accessing Game Data Config...
SCRIPT       : [DayZ-BattleRoyale][4] BattleRoyaleZone Init()
SCRIPT       : Accessing Zone Data Config...
SCRIPT       : CfgWorlds chernarusplus
SCRIPT       : [DayZ-BattleRoyale][4] Generate Area 0
SCRIPT       : [DayZ-BattleRoyale][4] radius: 35
SCRIPT       : [DayZ-BattleRoyale][4] Generate first zone
SCRIPT       : [DayZ-BattleRoyale][4] world_size: 15360
SCRIPT       : [DayZ-BattleRoyale][4] CfgWorlds chernarusplus Names
SCRIPT       : [DayZ-BattleRoyale][4] Avoid Type Count: 3
SCRIPT       : [DayZ-BattleRoyale][4] Avoid City Count: 3
SCRIPT       : [DayZ-BattleRoyale][4] cfg Settlement_Chernogorsk Chernogorsk 0x00000000adfd5560 {6778.62,2321.77} Capital
SCRIPT       : [DayZ-BattleRoyale][4] cfg Settlement_Novodmitrovsk Novodmitrovsk 0x00000000adfd5d60 {11339.8,14391} Capital
SCRIPT       : [DayZ-BattleRoyale][4] cfg Settlement_Novoselki Novoselki 0x00000000adfd5620 {6115.91,3256.36} City
SCRIPT       : [DayZ-BattleRoyale][4] cfg Settlement_Dubovo Dubovo 0x00000000adfd56a0 {6754.51,3595.26} City
SCRIPT       : [DayZ-BattleRoyale][4] cfg Settlement_Vysotovo Vysotovo 0x00000000adfd5a60 {5701.24,2556.11} City
SCRIPT       : [DayZ-BattleRoyale][4] cfg Settlement_Zelenogorsk Zelenogorsk 0x00000000adfd57a0 {2796,5166} City
SCRIPT       : [DayZ-BattleRoyale][4] cfg Settlement_Berezino Berezino 0x00000000adfd5220 {12372.4,9760.98} City
SCRIPT       : [DayZ-BattleRoyale][4] cfg Settlement_Elektrozavodsk Elektrozavodsk 0x00000000adfd52a0 {10286.7,1992.77} City
SCRIPT       : [DayZ-BattleRoyale][4] cfg Settlement_NovayaPetrovka Novaya Petrovka 0x00000000adfd60e0 {3477.17,12931.2} City
SCRIPT       : [DayZ-BattleRoyale][4] cfg Settlement_Gorka Gorka 0x00000000adfd5ee0 {9524,8945} City
SCRIPT       : [DayZ-BattleRoyale][4] cfg Settlement_Solnechny Solnechny 0x00000000adfd5b20 {13487.7,6225.88} City
SCRIPT       : [DayZ-BattleRoyale][4] cfg Settlement_StarySobor Stary Sobor 0x00000000adfd5d20 {6114,7849} City
SCRIPT       : [DayZ-BattleRoyale][4] cfg Settlement_Vybor Vybor 0x00000000adfd5f20 {3909.83,9019.61} City
SCRIPT       : [DayZ-BattleRoyale][4] cfg Settlement_Severograd Severograd 0x00000000adfd5160 {8168.48,12573.6} City
SCRIPT       : [DayZ-BattleRoyale][4] cfg Settlement_Bor Bor 0x00000000adfd51e0 {3316.41,4070.97} Village
SCRIPT       : [DayZ-BattleRoyale][4] cfg Settlement_Svetloyarsk Svetloyarsk 0x00000000adfd60a0 {13989.7,13263.8} City
SCRIPT       : [DayZ-BattleRoyale][4] cfg Settlement_Krasnostav Krasnostav 0x00000000adfd57e0 {11203.2,12340.8} City
SCRIPT       : [DayZ-BattleRoyale][4] cfg Settlement_ChernayaPolyana Chernaya Polyana 0x00000000adfd5820 {12158.5,13770.2} City
SCRIPT       : [DayZ-BattleRoyale][4] cfg Settlement_Polyana Polyana 0x00000000adfd5b60 {10794,8160} City
SCRIPT       : [DayZ-BattleRoyale][4] cfg Settlement_Tulga Tulga 0x00000000adfd5be0 {12768,4384} Village
SCRIPT       : [DayZ-BattleRoyale][4] cfg Settlement_Msta Msta 0x00000000adfd5fe0 {11333.8,5421.4} Village
SCRIPT       : [DayZ-BattleRoyale][4] cfg Settlement_Staroye Staroye 0x00000000adfd5c20 {10212.5,5385.05} Village
SCRIPT       : [DayZ-BattleRoyale][4] cfg Settlement_Shakhovka Shakhovka 0x00000000adfd6020 {9728.64,6567.3} Village
SCRIPT       : [DayZ-BattleRoyale][4] cfg Settlement_Dolina Dolina 0x00000000adfd6060 {11285.2,6633.58} Village
SCRIPT       : [DayZ-BattleRoyale][4] cfg Settlement_Orlovets Orlovets 0x00000000adfd6120 {12250,7253} Village
SCRIPT       : [DayZ-BattleRoyale][4] cfg Settlement_NovySobor Novy Sobor 0x00000000adfd51a0 {7123.63,7774.63} Village
SCRIPT       : [DayZ-BattleRoyale][4] cfg Settlement_Kabanino Kabanino 0x00000000adfd9da0 {5300.71,8645.9} Village
SCRIPT       : [DayZ-BattleRoyale][4] cfg Settlement_Mogilevka Mogilevka 0x00000000adfd94e0 {7650.41,5096.46} Village
SCRIPT       : [DayZ-BattleRoyale][4] cfg Settlement_Nadezhdino Nadezhdino 0x00000000adfd9520 {5894,4780} Village
SCRIPT       : [DayZ-BattleRoyale][4] cfg Settlement_Guglovo Guglovo 0x00000000adfd9560 {8445,6579} Village
SCRIPT       : [DayZ-BattleRoyale][4] cfg Settlement_Kamyshovo Kamyshovo 0x00000000adfdafe0 {12170,3458} Village
SCRIPT       : [DayZ-BattleRoyale][4] cfg Settlement_Pusta Pusta 0x00000000adfdad60 {9197,3873} Village
SCRIPT       : [DayZ-BattleRoyale][4] cfg Settlement_Dubrovka Dubrovka 0x00000000adfdb020 {10324.3,9888.24} Village
SCRIPT       : [DayZ-BattleRoyale][4] cfg Settlement_VyshnayaDubrovka Vyshnaya Dubrovka 0x00000000adfdae20 {9926.82,10468.9} Village
SCRIPT       : [DayZ-BattleRoyale][4] cfg Settlement_Khelm Khelm 0x00000000adfda8e0 {12329.3,10771} Village
SCRIPT       : [DayZ-BattleRoyale][4] cfg Settlement_Olsha Olsha 0x00000000adfdada0 {13402,12898} Village
SCRIPT       : [DayZ-BattleRoyale][4] cfg Settlement_Gvozdno Gvozdno 0x00000000adfdade0 {8644.75,11934.1} Village
SCRIPT       : [DayZ-BattleRoyale][4] cfg Settlement_Grishino Grishino 0x00000000adfda7a0 {5980,10257} Village
SCRIPT       : [DayZ-BattleRoyale][4] cfg Settlement_Rogovo Rogovo 0x00000000adfdaf60 {4802,6748} Village
SCRIPT       : [DayZ-BattleRoyale][4] cfg Settlement_Pogorevka Pogorevka 0x00000000adfdaea0 {4445,6322} Village
SCRIPT       : [DayZ-BattleRoyale][4] cfg Settlement_Pustoshka Pustoshka 0x00000000adfda660 {3137.94,7890.92} Village
SCRIPT       : [DayZ-BattleRoyale][4] cfg Settlement_Kozlovka Kozlovka 0x00000000adfdaa60 {4402,4736} Village
SCRIPT       : [DayZ-BattleRoyale][4] cfg Settlement_Karmanovka Karmanovka 0x00000000adfda8a0 {12700.6,14691.3} Village
SCRIPT       : [DayZ-BattleRoyale][4] cfg Settlement_Balota Balota 0x00000000adfda2a0 {4527.58,2465.32} Village
SCRIPT       : [DayZ-BattleRoyale][4] cfg Settlement_Komarovo Komarovo 0x00000000adfda360 {3702,2440} Village
SCRIPT       : [DayZ-BattleRoyale][4] cfg Settlement_Kamenka Kamenka 0x00000000adfda7e0 {1981,2207} Village
SCRIPT       : [DayZ-BattleRoyale][4] cfg Settlement_Myshkino Myshkino 0x00000000adfda420 {2048,7258} Village
SCRIPT       : [DayZ-BattleRoyale][4] cfg Settlement_Pavlovo Pavlovo 0x00000000adfda620 {1693.98,3858.65} Village
SCRIPT       : [DayZ-BattleRoyale][4] cfg Settlement_Lopatino Lopatino 0x00000000adfdb120 {2801,10029} Village
SCRIPT       : [DayZ-BattleRoyale][4] cfg Settlement_Vyshnoye Vyshnoye 0x00000000adfdaf20 {6629,6051} Village
SCRIPT       : [DayZ-BattleRoyale][4] cfg Settlement_Prigorodki Prigorodki 0x00000000adfda1e0 {7760,3336} Village
SCRIPT       : [DayZ-BattleRoyale][4] cfg Settlement_Drozhino Drozhino 0x00000000adfdb0a0 {3374,4861} Village
SCRIPT       : [DayZ-BattleRoyale][4] cfg Settlement_Sosnovka Sosnovka 0x00000000adfda260 {2556,6307} Village
SCRIPT       : [DayZ-BattleRoyale][4] cfg Settlement_Nizhneye Nizhneye 0x00000000adfda4e0 {12824.9,8097.7} Village
SCRIPT       : [DayZ-BattleRoyale][4] cfg Settlement_Pulkovo Pulkovo 0x00000000adfdaaa0 {5015,5607} Village
SCRIPT       : [DayZ-BattleRoyale][4] cfg Settlement_Berezhki Berezhki 0x00000000adfda920 {15020,13905} Village
SCRIPT       : [DayZ-BattleRoyale][4] cfg Settlement_Turovo Turovo 0x00000000adfda4a0 {13630,14146} Village
SCRIPT       : [DayZ-BattleRoyale][4] cfg Settlement_BelayaPolyana Belaya Polyana 0x00000000adfdafa0 {14166,14968} Village
SCRIPT       : [DayZ-BattleRoyale][4] cfg Settlement_Dobroye Dobroye 0x00000000adfda3e0 {12996,15066} Village
SCRIPT       : [DayZ-BattleRoyale][4] cfg Settlement_Nagornoye Nagornoye 0x00000000adfda2e0 {9286,14677} Village
SCRIPT       : [DayZ-BattleRoyale][4] cfg Settlement_Svergino Svergino 0x00000000adfdace0 {9493.52,13875.3} Village
SCRIPT       : [DayZ-BattleRoyale][4] cfg Settlement_Ratnoye Ratnoye 0x00000000adfdaae0 {6195.88,12761.8} Village
SCRIPT       : [DayZ-BattleRoyale][4] cfg Settlement_Kamensk Kamensk 0x00000000adfda9a0 {6748.74,14430} Village
SCRIPT       : [DayZ-BattleRoyale][4] cfg Settlement_Krasnoye Krasnoye 0x00000000adfda460 {6411.37,15030} Village
SCRIPT       : [DayZ-BattleRoyale][4] cfg Settlement_StaryYar Stary Yar 0x00000000adfdad20 {4987.86,14993} Village
SCRIPT       : [DayZ-BattleRoyale][4] cfg Settlement_Polesovo Polesovo 0x00000000adfdaca0 {5955.74,13558} Village
SCRIPT       : [DayZ-BattleRoyale][4] cfg Settlement_Tisy Tisy 0x00000000adfdaba0 {3441.65,14799.5} Village
SCRIPT       : [DayZ-BattleRoyale][4] cfg Settlement_Topolniki Topolniki 0x00000000adfda3a0 {2913.75,12366.4} Village
SCRIPT       : [DayZ-BattleRoyale][4] cfg Settlement_Zaprudnoye Zaprudnoye 0x00000000adfdac60 {5214,12792} Village
SCRIPT       : [DayZ-BattleRoyale][4] cfg Settlement_Sinystok Sinystok 0x00000000adfda160 {1538.28,11904.6} Village
SCRIPT       : [DayZ-BattleRoyale][4] cfg Settlement_Vavilovo Vavilovo 0x00000000adfda520 {2263,11103} Village
SCRIPT       : [DayZ-BattleRoyale][4] cfg Settlement_Kumyrna Kumyrna 0x00000000adfda6a0 {8300,6054} Village
SCRIPT       : [DayZ-BattleRoyale][4] cfg Settlement_Kalinovka Kalinovka 0x00000000adfdab20 {7448,13406} Village
SCRIPT       : [DayZ-BattleRoyale][4] cfg Settlement_Bogatyrka Bogatyrka 0x00000000adfdae60 {1453.62,8870.92} Village
SCRIPT       : [DayZ-BattleRoyale][4] cfg Settlement_SvyatoyRomanSkiResort Svyatoy-Roman Ski Resort 0x00000000adfda5e0 {638,11667} Local
SCRIPT       : [DayZ-BattleRoyale][4] cfg Settlement_SKVSChBiathlonArena SKVSCh Biathlon Arena 0x00000000adfdb0e0 {357,11142} Local
SCRIPT       : [DayZ-BattleRoyale][4] cfg Settlement_Zvir Zvir 0x00000000adfda560 {577.33,5317.42} Village
SCRIPT       : [DayZ-BattleRoyale][4] cfg Settlement_Zabolotye Zabolotye 0x00000000adfda6e0 {1256.86,9993.26} Village
SCRIPT       : [DayZ-BattleRoyale][4] cfg Settlement_Galkino Galkino 0x00000000adfda5a0 {1102.68,8798.27} Local
SCRIPT       : [DayZ-BattleRoyale][4] cfg Camp_Arsenovo Arsenovo 0x00000000adfdaee0 {8509.66,13918.6} Camp
SCRIPT       : [DayZ-BattleRoyale][4] cfg Camp_Stroytel Stroytel 0x00000000adfdb060 {7017.63,4365.21} Camp
SCRIPT       : [DayZ-BattleRoyale][4] cfg Camp_Romashka Romashka 0x00000000adfdab60 {8177.6,10980.3} Camp
SCRIPT       : [DayZ-BattleRoyale][4] cfg Camp_Kometa Kometa 0x00000000adfda860 {10271.7,3558.23} Camp
SCRIPT       : [DayZ-BattleRoyale][4] cfg Camp_Druzhba Druzhba 0x00000000adfda720 {11437,10695} Camp
SCRIPT       : [DayZ-BattleRoyale][4] cfg Camp_Nadezhda Nadezhda 0x00000000adfda1a0 {7279.97,7014.35} Camp
SCRIPT       : [DayZ-BattleRoyale][4] cfg Camp_YouthPioneer Youth Pioneer 0x00000000adfda220 {11155.8,7074.14} Camp
SCRIPT       : [DayZ-BattleRoyale][4] cfg Camp_ProudChernarus Proud Chernarus 0x00000000adfda320 {3199.62,6174.93} Camp
SCRIPT       : [DayZ-BattleRoyale][4] Avoiding Camp_Shkolnik Shkolnik 0x00000000adfda960 {14856.5,14571} Camp
SCRIPT       : [DayZ-BattleRoyale][4] cfg Camp_Pobeda Pobeda 0x00000000adfda9e0 {3703.38,14876.4} Camp
SCRIPT       : [DayZ-BattleRoyale][4] cfg Camp_Metalurg Metalurg 0x00000000adfda760 {1035.41,6677.38} Camp
SCRIPT       : [DayZ-BattleRoyale][4] cfg Hill_Zelenayagora Zelenaya gora 0x00000000adfda820 {3767.17,6010.54} Hill
SCRIPT       : [DayZ-BattleRoyale][4] cfg Local_Dichina Dichina 0x00000000adfda960 {4618,7821} Local
SCRIPT       : [DayZ-BattleRoyale][4] cfg Local_Novylug Novy lug 0x00000000adfdaa20 {9251,11360} Local
SCRIPT       : [DayZ-BattleRoyale][4] cfg Local_Staryeluga Starye luga 0x00000000adfdabe0 {6919,8995} Local
SCRIPT       : [DayZ-BattleRoyale][4] cfg Hill_Vysota Vysota 0x00000000adfdac20 {6591.63,3400} Hill
SCRIPT       : [DayZ-BattleRoyale][4] cfg Hill_Kopyto Kopyto 0x00000000adfdb1a0 {7871.48,3869.1} Hill
SCRIPT       : [DayZ-BattleRoyale][4] cfg Local_Grubyeskaly Grubye skaly 0x00000000adfdb320 {13115.1,11900} Local
SCRIPT       : [DayZ-BattleRoyale][4] cfg Local_Chernyles Cherny les 0x00000000adfdb4a0 {9031,7803} Local
SCRIPT       : [DayZ-BattleRoyale][4] cfg Hill_Altar Altar 0x00000000adfdb9a0 {8143.4,9159.68} Hill
SCRIPT       : [DayZ-BattleRoyale][4] cfg Local_RadioZenit Radio Zenit 0x00000000adfdb7a0 {8080.01,9341.68} Local
SCRIPT       : [DayZ-BattleRoyale][4] cfg Hill_PikKozlova Pik Kozlova 0x00000000adfdb560 {8850.17,2880.53} Hill
SCRIPT       : [DayZ-BattleRoyale][4] cfg Local_Pustoykhrebet Pustoy khrebet 0x00000000adfdbea0 {10890,5665} Local
SCRIPT       : [DayZ-BattleRoyale][4] cfg Hill_Bashnya Bashnya 0x00000000adfdb660 {4178.27,11771.2} Hill
SCRIPT       : [DayZ-BattleRoyale][4] cfg Hill_Veresnik Veresnik 0x00000000adfdba60 {4440.17,8070.54} Hill
SCRIPT       : [DayZ-BattleRoyale][4] cfg Hill_Kurgan Kurgan 0x00000000adfdb260 {3368.52,5296.87} Hill
SCRIPT       : [DayZ-BattleRoyale][4] cfg Hill_Kustryk Kustryk 0x00000000adfdc020 {4912.88,5063.45} Hill
SCRIPT       : [DayZ-BattleRoyale][4] cfg Hill_Vetryanayagora Vetryanaya gora 0x00000000adfdbaa0 {3892.74,4200.59} Hill
SCRIPT       : [DayZ-BattleRoyale][4] cfg Hill_Kalmyk Kalmyk 0x00000000adfdb9e0 {6903.78,4919.66} Hill
SCRIPT       : [DayZ-BattleRoyale][4] cfg Hill_PopIvan Pop Ivan 0x00000000adfdb420 {6420.26,6570.66} Hill
SCRIPT       : [DayZ-BattleRoyale][4] cfg Hill_Erbenka Erbenka 0x00000000adfdb620 {2842.92,4014.81} Hill
SCRIPT       : [DayZ-BattleRoyale][4] cfg Local_Lesnoykhrebet Lesnoy khrebet 0x00000000adfdc120 {8122.77,7815.54} Local
SCRIPT       : [DayZ-BattleRoyale][4] cfg Hill_Vysokiykamen Vysokiy kamen 0x00000000adfdb6a0 {8940.19,4380.52} Hill
SCRIPT       : [DayZ-BattleRoyale][4] cfg Hill_Dobry Dobry 0x00000000adfdb6e0 {10552.9,3061.03} Hill
SCRIPT       : [DayZ-BattleRoyale][4] cfg Hill_Baranchik Baranchik 0x00000000adfdc060 {10153.1,6208.52} Hill
SCRIPT       : [DayZ-BattleRoyale][4] cfg Hill_Malinovka Malinovka 0x00000000adfdb960 {10897.7,7575.59} Hill
SCRIPT       : [DayZ-BattleRoyale][4] cfg Hill_Dubina Dubina 0x00000000adfdbf20 {11107.9,8474.83} Hill
SCRIPT       : [DayZ-BattleRoyale][4] cfg Hill_Klen Klen 0x00000000adfdba20 {11473.5,11315.4} Hill
SCRIPT       : [DayZ-BattleRoyale][4] cfg Hill_Chernayagora Chernaya gora 0x00000000adfdb3e0 {10280.8,12053.9} Hill
SCRIPT       : [DayZ-BattleRoyale][4] cfg Ruin_Zolotar Zolotar 0x00000000adfdbce0 {10179,11998} Ruin
SCRIPT       : [DayZ-BattleRoyale][4] cfg Hill_Ostry Ostry 0x00000000adfdb760 {10792.7,12829.5} Hill
SCRIPT       : [DayZ-BattleRoyale][4] cfg Hill_Olsha Olsha 0x00000000adfdb720 {12975.7,12775.2} Hill
SCRIPT       : [DayZ-BattleRoyale][4] Avoiding Marine_Tikhiyzaliv Tikhiy zaliv 0x00000000adfdb2e0 {1221.49,2111.89} Marine
SCRIPT       : [DayZ-BattleRoyale][4] Avoiding Marine_Mutnyizaliv Tikhiy zaliv 0x00000000adfdb920 {5735.48,1918.92} Marine
SCRIPT       : [DayZ-BattleRoyale][4] Avoiding Marine_Chernyzaliv Cherny zaliv 0x00000000adfdb3a0 {7599.07,2486.59} Marine
SCRIPT       : [DayZ-BattleRoyale][4] Avoiding Marine_Zelenyzaliv Zeleny zaliv 0x00000000adfdbae0 {11227,2989.84} Marine
SCRIPT       : [DayZ-BattleRoyale][4] Avoiding Marine_Skalistyproliv Skalisty proliv 0x00000000adfdb5a0 {13385.9,3613.94} Marine
SCRIPT       : [DayZ-BattleRoyale][4] Avoiding Marine_Nizhniyzaliv Nizhniy zaliv 0x00000000adfdbae0 {12989.3,8515.76} Marine
SCRIPT       : [DayZ-BattleRoyale][4] Avoiding Marine_ZalivGuba Zaliv Guba 0x00000000adfdbee0 {14328.4,13136.7} Marine
SCRIPT       : [DayZ-BattleRoyale][4] cfg Marine_Rify Rify 0x00000000adfdbc20 {13931.7,11288.6} Local
SCRIPT       : [DayZ-BattleRoyale][4] Avoiding Marine_Ivovoyeozero Ivovoye ozero 0x00000000adfdbda0 {13248,11572} Marine
SCRIPT       : [DayZ-BattleRoyale][4] Avoiding Marine_Chernoyeozero Chernoye ozero 0x00000000adfdb4e0 {13381,12002} Marine
SCRIPT       : [DayZ-BattleRoyale][4] Avoiding Marine_PlotinaTopolka Plotina Topolka 0x00000000adfdbf60 {10231.3,3691.15} Marine
SCRIPT       : [DayZ-BattleRoyale][4] Avoiding Marine_PlotinaPobeda Plotina Pobeda 0x00000000adfdb2a0 {9928.29,13874.6} Marine
SCRIPT       : [DayZ-BattleRoyale][4] Avoiding Marine_PlotinaTishina Plotina Tishina 0x00000000adfdbfe0 {1150.82,6432.45} Marine
SCRIPT       : [DayZ-BattleRoyale][4] Avoiding Marine_Ozerko Ozerko 0x00000000adfdb220 {6777.63,4492.42} Marine
SCRIPT       : [DayZ-BattleRoyale][4] Avoiding Marine_Prud Prud 0x00000000adfdb8a0 {6610.98,9308.57} Marine
SCRIPT       : [DayZ-BattleRoyale][4] cfg Ruin_Chortovzamok Chortov zamok 0x00000000adfdbae0 {6883.24,11501.3} Ruin
SCRIPT       : [DayZ-BattleRoyale][4] cfg Ruin_Zub Zub 0x00000000adfdbe20 {6574.28,5573.85} Ruin
SCRIPT       : [DayZ-BattleRoyale][4] cfg Ruin_Rog Rog 0x00000000adfdb1e0 {11267.2,4293.04} Ruin
SCRIPT       : [DayZ-BattleRoyale][4] cfg Local_Grozovypereval Grozovy pereval 0x00000000adfdbb20 {3318.12,15250.5} Local
SCRIPT       : [DayZ-BattleRoyale][4] cfg Local_Sosnovypereval Sosnovy pereval 0x00000000adfdbfe0 {2687.4,6590.28} Local
SCRIPT       : [DayZ-BattleRoyale][4] cfg Local_PerevalOreshka Oreshka pereval 0x00000000adfdbb60 {9822.19,6088.79} Local
SCRIPT       : [DayZ-BattleRoyale][4] cfg Local_Turovskiypereval Turovskiy pereval 0x00000000adfdc0a0 {14674.2,14089.3} Local
SCRIPT       : [DayZ-BattleRoyale][4] cfg Local_Tridoliny Tri doliny 0x00000000adfdb160 {12764.5,5412.21} Local
SCRIPT       : [DayZ-BattleRoyale][4] cfg Local_Grozovyedoly Grozovye doly 0x00000000adfdbe60 {10404,14793.2} Local
SCRIPT       : [DayZ-BattleRoyale][4] cfg Ruin_Klyuch Klyuch 0x00000000adfdb5a0 {9282.57,13476.7} Ruin
SCRIPT       : [DayZ-BattleRoyale][4] cfg Hill_Lysayagora Lysaya gora 0x00000000adfdbee0 {6722.46,14050.4} Hill
SCRIPT       : [DayZ-BattleRoyale][4] Avoiding Marine_Glubokoyeozero Glubokoye ozero 0x00000000adfdbba0 {1692.56,14821.6} Marine
SCRIPT       : [DayZ-BattleRoyale][4] cfg Local_Skalka Skalka 0x00000000adfdb4e0 {5758,14486} Local
SCRIPT       : [DayZ-BattleRoyale][4] cfg Local_Vidy Vidy 0x00000000adfdb7e0 {785.054,14398.8} Local
SCRIPT       : [DayZ-BattleRoyale][4] cfg Hill_Tumannyverkh Tumanny verkh 0x00000000adfdb820 {331.224,12983} Hill
SCRIPT       : [DayZ-BattleRoyale][4] cfg Local_Adamovka Adamovka 0x00000000adfdbba0 {5340.66,11380} Local
SCRIPT       : [DayZ-BattleRoyale][4] cfg Hill_Shishok Shishok 0x00000000adfdbd20 {3559.31,9422.27} Hill
SCRIPT       : [DayZ-BattleRoyale][4] Avoiding Settlement_Skalisty Skalisty 0x00000000adfdbbe0 {13715.5,3118.78} Village
SCRIPT       : [DayZ-BattleRoyale][4] cfg Ruin_Storozh Storozh 0x00000000adfdbc60 {2816.6,1277.96} Ruin
SCRIPT       : [DayZ-BattleRoyale][4] cfg Local_MysGolova Mys Golova 0x00000000adfdb2a0 {8286.05,2405.6} Local
SCRIPT       : [DayZ-BattleRoyale][4] cfg Local_Drakon Drakon 0x00000000adfdbf60 {11191,2443} Local
SCRIPT       : [DayZ-BattleRoyale][4] cfg Local_Otmel Otmel 0x00000000adfdbd60 {11581.3,3213.24} Local
SCRIPT       : [DayZ-BattleRoyale][4] cfg Local_MysKrutoy Mys Krutoy 0x00000000adfdb460 {13578.2,3976.82} Local
SCRIPT       : [DayZ-BattleRoyale][4] cfg Hill_Tokarnya Tokarnya 0x00000000adfdb360 {8890.48,5672.55} Hill
SCRIPT       : [DayZ-BattleRoyale][4] cfg Hill_Ostrog Ostrog 0x00000000adfdbfa0 {2655.73,2264.63} Hill
SCRIPT       : [DayZ-BattleRoyale][4] cfg Local_Maryanka Maryanka 0x00000000adfdbbe0 {2789,3386} Local
SCRIPT       : [DayZ-BattleRoyale][4] cfg Local_Polonina Polonina 0x00000000adfdb520 {1004.49,4242.87} Local
SCRIPT       : [DayZ-BattleRoyale][4] cfg Local_Kalinka Kalinka 0x00000000adfdb860 {3346.5,11292.1} Local
SCRIPT       : [DayZ-BattleRoyale][4] cfg Hill_Kikimora Kikimora 0x00000000adfdbca0 {1812,6200} Hill
SCRIPT       : [DayZ-BattleRoyale][4] cfg Hill_BolshoyKotel Bolshoy Kotel 0x00000000adfdbda0 {714.649,6520.43} Hill
SCRIPT       : [DayZ-BattleRoyale][4] cfg Hill_Simurg Simurg 0x00000000adfdc0e0 {134,7569.99} Hill
SCRIPT       : [DayZ-BattleRoyale][4] cfg Hill_Volchiypik Volchiy pik 0x00000000adfdb220 {320.254,2719.27} Hill
SCRIPT       : [DayZ-BattleRoyale][4] cfg Ruin_Krona Krona 0x00000000adfdbde0 {1493,9270.34} Ruin
SCRIPT       : [DayZ-BattleRoyale][4] cfg Local_TriKresta Tri Kresta 0x00000000adfdb3a0 {301,9478} Local
SCRIPT       : [DayZ-BattleRoyale][4] cfg Local_Rostoki Rostoki 0x00000000adfdb2e0 {744.45,8647.86} Local
SCRIPT       : [DayZ-BattleRoyale][4] Avoiding Marine_OrlyeOzero Orlye Ozero 0x00000000adfdb8a0 {597,5990} Marine
SCRIPT       : [DayZ-BattleRoyale][4] cfg Local_Makosh Makosh 0x00000000adfdb5e0 {7849.72,6480.19} Local
SCRIPT       : [DayZ-BattleRoyale][4] cfg Local_Klenovyipereval Klenovyi pereval 0x00000000adfdb8a0 {10862.7,11585.5} Local
SCRIPT       : [DayZ-BattleRoyale][4] cfg Local_Zmeinykhrebet Zmeiny khrebet 0x00000000adfdb8e0 {11446.2,13606.9} Local
SCRIPT       : [DayZ-BattleRoyale][4] cfg Hill_Sokol Sokol 0x00000000adfdb920 {12001,14813} Hill
SCRIPT       : [DayZ-BattleRoyale][4] cfg Local_Krutyeskaly Krutye skaly 0x00000000adfdc260 {14880.6,13671.8} Local
SCRIPT       : [DayZ-BattleRoyale][4] cfg Local_Bogat Bogat 0x00000000adfdc760 {7058.01,12023.6} Local
SCRIPT       : [DayZ-BattleRoyale][4] cfg Local_Dubnik Dubnik 0x00000000adfdcba0 {3298.29,10330.9} Local
SCRIPT       : [DayZ-BattleRoyale][4] cfg Hill_Viselitsa Viselitsa 0x00000000adfdc3a0 {12722.2,7504.05} Hill
SCRIPT       : [DayZ-BattleRoyale][4] cfg Local_Dazhbog Dazhbog 0x00000000adfdcc60 {6581,8590} Hill
SCRIPT       : [DayZ-BattleRoyale][4] Avoiding Marine_Verbnik Verbnik 0x00000000adfdcc20 {4414.88,9103} Marine
SCRIPT       : [DayZ-BattleRoyale][4] cfg Local_Medvezhilugi Medvezhi lugi 0x00000000adfdca20 {9641,13236} Local
SCRIPT       : [DayZ-BattleRoyale][4] Avoiding Ruin_Voron Voron 0x00000000adfdcc20 {13517.9,3311.25} Ruin
SCRIPT       : [DayZ-BattleRoyale][4] cfg Ruin_Gnomovzamok Gnomov zamok 0x00000000adfdce60 {7446.92,9097.17} Ruin
SCRIPT       : [DayZ-BattleRoyale][4] Avoiding Marine_Glaza Glaza 0x00000000adfdcea0 {7383,9320} Marine
SCRIPT       : [DayZ-BattleRoyale][4] cfg Local_KarerKrasnayaZarya Karer Krasnaya Zarya 0x00000000adfdc960 {8565.35,13418.7} Local
SCRIPT       : [DayZ-BattleRoyale][4] cfg Local_Matveyevo Matveyevo 0x00000000adfdc4a0 {4281,7380} Local
SCRIPT       : [DayZ-BattleRoyale][4] cfg Local_Kotka Kotka 0x00000000adfdcb60 {5873.7,6883.24} Local
SCRIPT       : [DayZ-BattleRoyale][4] cfg Local_Chernyeskaly Chernye skaly 0x00000000adfdcd60 {3932.57,14599.5} Local
SCRIPT       : [DayZ-BattleRoyale][4] cfg Hill_SvyatoyRoman Svyatoy roman 0x00000000adfdca60 {84.832,11901.2} Hill
SCRIPT       : [DayZ-BattleRoyale][4] cfg Hill_Koman Koman 0x00000000adfdd0e0 {1660.65,7415.66} Hill
SCRIPT       : [DayZ-BattleRoyale][4] cfg Hill_Mayak Mayak 0x00000000adfdc160 {12323.8,4553.11} Hill
SCRIPT       : [DayZ-BattleRoyale][4] cfg Local_MB_VMC Military base VMC 0x00000000adfdc560 {4497,8291} Local
SCRIPT       : [DayZ-BattleRoyale][4] cfg Local_MB_Tisy Military base Tisy 0x00000000adfdc9a0 {1570,14069} Local
SCRIPT       : [DayZ-BattleRoyale][4] cfg Local_MB_Kamensk Military base Kamensk 0x00000000adfdc6e0 {7838.81,14704.8} Local
SCRIPT       : [DayZ-BattleRoyale][4] cfg Local_MB_Zeleno Military base Zeleno 0x00000000adfdd120 {2410.38,5133.68} Local
SCRIPT       : [DayZ-BattleRoyale][4] cfg Local_MB_Pavlovo Military base Pavlovo 0x00000000adfdc5a0 {2016,3408} Local
SCRIPT       : [DayZ-BattleRoyale][4] cfg Local_AF_Balota Airfield Balota 0x00000000adfdc9e0 {5082.03,2376.33} Local
SCRIPT       : [DayZ-BattleRoyale][4] cfg Local_AF_Krasno Airfield Krasno 0x00000000adfdcaa0 {12100.7,12573.9} Local
SCRIPT       : [DayZ-BattleRoyale][4] cfg Local_AF_Vybor Airfield Vybor 0x00000000adfdc8a0 {4428,10179} Local
SCRIPT       : [DayZ-BattleRoyale][4] cfg RailroadStation_Elektro  0x00000000adfdcae0 {10309.9,2092.2} RailroadStation
SCRIPT       : [DayZ-BattleRoyale][4] cfg RailroadStation_Prigorodki  0x00000000adfdcb20 {8056.03,3264.91} RailroadStation
SCRIPT       : [DayZ-BattleRoyale][4] cfg RailroadStation_Cherno  0x00000000adfdc3e0 {6540.63,2638.77} RailroadStation
SCRIPT       : [DayZ-BattleRoyale][4] cfg RailroadStation_Balota  0x00000000adfdc6a0 {4399.26,2309.4} RailroadStation
SCRIPT       : [DayZ-BattleRoyale][4] cfg RailroadStation_Komarovo  0x00000000adfdcee0 {3670.67,2397.52} RailroadStation
SCRIPT       : [DayZ-BattleRoyale][4] cfg RailroadStation_Kamenka  0x00000000adfdc1e0 {1877.94,2168.56} RailroadStation
SCRIPT       : [DayZ-BattleRoyale][4] cfg RailroadStation_Zeleno  0x00000000adfdd020 {2485.27,5214.66} RailroadStation
SCRIPT       : [DayZ-BattleRoyale][4] cfg RailroadStation_Vavilovo  0x00000000adfdc4e0 {1991.5,11289.5} RailroadStation
SCRIPT       : [DayZ-BattleRoyale][4] cfg RailroadStation_Novaya  0x00000000adfdd0a0 {3534.43,12537.1} RailroadStation
SCRIPT       : [DayZ-BattleRoyale][4] cfg RailroadStation_Severograd  0x00000000adfdc420 {7846.58,12401.5} RailroadStation
SCRIPT       : [DayZ-BattleRoyale][4] cfg RailroadStation_Novo  0x00000000adfdcbe0 {11610.9,14133.7} RailroadStation
SCRIPT       : [DayZ-BattleRoyale][4] cfg RailroadStation_Svetlo  0x00000000adfdcfa0 {13970.5,13486.3} RailroadStation
SCRIPT       : [DayZ-BattleRoyale][4] cfg RailroadStation_Berezino  0x00000000adfdcce0 {12989.8,10200.7} RailroadStation
SCRIPT       : [DayZ-BattleRoyale][4] cfg RailroadStation_Solnich  0x00000000adfdd060 {13146.1,7094.47} RailroadStation
SCRIPT       : [DayZ-BattleRoyale][4] cfg RailroadStation_Solnich2  0x00000000adfdc720 {13356.1,6154.47} RailroadStation
SCRIPT       : [DayZ-BattleRoyale][4] cfg RailroadStation_Kamyshovo  0x00000000adfdc5e0 {11971,3548.72} RailroadStation
SCRIPT       : [DayZ-BattleRoyale][4] cfg RailroadStation_Dobroye  0x00000000adfdc8e0 {12860.7,15050.2} RailroadStation
SCRIPT       : [DayZ-BattleRoyale][4] cfg LocalOffice_Novaya  0x00000000adfdc920 {3469.17,13135.2} LocalOffice
SCRIPT       : [DayZ-BattleRoyale][4] cfg LocalOffice_Vybor  0x00000000adfdcc20 {3857.66,8946.14} LocalOffice
SCRIPT       : [DayZ-BattleRoyale][4] cfg LocalOffice_Sinys  0x00000000adfdc620 {1439.08,12011.3} LocalOffice
SCRIPT       : [DayZ-BattleRoyale][4] cfg LocalOffice_Vavil  0x00000000adfdc660 {2220.84,11075.8} LocalOffice
SCRIPT       : [DayZ-BattleRoyale][4] cfg LocalOffice_Lopat  0x00000000adfdcca0 {2720.72,9978.14} LocalOffice
SCRIPT       : [DayZ-BattleRoyale][4] cfg LocalOffice_Pustosh  0x00000000adfdcd20 {3051.44,7804.68} LocalOffice
SCRIPT       : [DayZ-BattleRoyale][4] cfg LocalOffice_Pogorev  0x00000000adfdcda0 {4480.71,6462} LocalOffice
SCRIPT       : [DayZ-BattleRoyale][4] cfg LocalOffice_Kabanin  0x00000000adfdc520 {5382,8589} LocalOffice
SCRIPT       : [DayZ-BattleRoyale][4] cfg LocalOffice_Stary  0x00000000adfdcde0 {6056.08,7715.35} LocalOffice
SCRIPT       : [DayZ-BattleRoyale][4] cfg LocalOffice_Novy  0x00000000adfdcf60 {7166.96,7526.01} LocalOffice
SCRIPT       : [DayZ-BattleRoyale][4] cfg LocalOffice_Grishino  0x00000000adfdc1a0 {5983,10305} LocalOffice
SCRIPT       : [DayZ-BattleRoyale][4] cfg LocalOffice_Severo  0x00000000adfdce20 {7986,12732} LocalOffice
SCRIPT       : [DayZ-BattleRoyale][4] cfg LocalOffice_Gorka  0x00000000adfdcea0 {9503,8805} LocalOffice
SCRIPT       : [DayZ-BattleRoyale][4] cfg LocalOffice_Mogi  0x00000000adfdcf20 {7562,5149} LocalOffice
SCRIPT       : [DayZ-BattleRoyale][4] cfg LocalOffice_Nadez  0x00000000adfdcfe0 {5906,4844} LocalOffice
SCRIPT       : [DayZ-BattleRoyale][4] cfg LocalOffice_Cherno  0x00000000adfdc220 {6607,2418} LocalOffice
SCRIPT       : [DayZ-BattleRoyale][4] cfg LocalOffice_Kozlov  0x00000000adfdc320 {4394,4629} LocalOffice
SCRIPT       : [DayZ-BattleRoyale][4] cfg LocalOffice_Komar  0x00000000adfdc7a0 {3676,2501} LocalOffice
SCRIPT       : [DayZ-BattleRoyale][4] cfg LocalOffice_Pavlovo  0x00000000adfdc2a0 {1655,3851} LocalOffice
SCRIPT       : [DayZ-BattleRoyale][4] cfg LocalOffice_Zeleno  0x00000000adfdc2e0 {2854,5282} LocalOffice
SCRIPT       : [DayZ-BattleRoyale][4] cfg LocalOffice_Elektro  0x00000000adfdc7e0 {10212,2295} LocalOffice
SCRIPT       : [DayZ-BattleRoyale][4] cfg LocalOffice_Kamys  0x00000000adfdc360 {12155,3514} LocalOffice
SCRIPT       : [DayZ-BattleRoyale][4] cfg LocalOffice_Staroye  0x00000000adfdc820 {10106,5457} LocalOffice
SCRIPT       : [DayZ-BattleRoyale][4] cfg LocalOffice_Dolina  0x00000000adfdc860 {11217,6564} LocalOffice
SCRIPT       : [DayZ-BattleRoyale][4] cfg LocalOffice_Solnich  0x00000000adfdc460 {13383,6225} LocalOffice
SCRIPT       : [DayZ-BattleRoyale][4] cfg LocalOffice_Polana  0x00000000adfddee0 {10676,7989} LocalOffice
SCRIPT       : [DayZ-BattleRoyale][4] cfg LocalOffice_Berezino  0x00000000adfddea0 {12272,9474} LocalOffice
SCRIPT       : [DayZ-BattleRoyale][4] cfg LocalOffice_Krasno  0x00000000adfdd9e0 {11257,12211} LocalOffice
SCRIPT       : [DayZ-BattleRoyale][4] cfg LocalOffice_Svetlo  0x00000000adfdd860 {14013,13335} LocalOffice
SCRIPT       : [DayZ-BattleRoyale][4] cfg LocalOffice_Cpol  0x00000000adfddca0 {12110,13779} LocalOffice
SCRIPT       : [DayZ-BattleRoyale][4] cfg LocalOffice_Novo  0x00000000adfddde0 {11564,14742} LocalOffice
SCRIPT       : [DayZ-BattleRoyale][4] cfg ViewPoint_1  0x00000000adfddf20 {567,6997} ViewPoint
SCRIPT       : [DayZ-BattleRoyale][4] cfg ViewPoint_2  0x00000000adfddfe0 {687,6874} ViewPoint
SCRIPT       : [DayZ-BattleRoyale][4] cfg ViewPoint_3  0x00000000adfdd6e0 {724,6510} ViewPoint
SCRIPT       : [DayZ-BattleRoyale][4] cfg ViewPoint_4  0x00000000adfde020 {298,3460} ViewPoint
SCRIPT       : [DayZ-BattleRoyale][4] cfg ViewPoint_5  0x00000000adfdde20 {172,3412} ViewPoint
SCRIPT       : [DayZ-BattleRoyale][4] cfg ViewPoint_6  0x00000000adfddbe0 {258,3283} ViewPoint
SCRIPT       : [DayZ-BattleRoyale][4] cfg ViewPoint_7  0x00000000adfddaa0 {322,2697} ViewPoint
SCRIPT       : [DayZ-BattleRoyale][4] cfg ViewPoint_8  0x00000000adfdd5a0 {1671,2211} ViewPoint
SCRIPT       : [DayZ-BattleRoyale][4] cfg ViewPoint_9  0x00000000adfdd4e0 {2915,3995} ViewPoint
SCRIPT       : [DayZ-BattleRoyale][4] cfg ViewPoint_10  0x00000000adfdd9a0 {3371,4551} ViewPoint
SCRIPT       : [DayZ-BattleRoyale][4] cfg ViewPoint_11  0x00000000adfdda20 {414,9574} ViewPoint
SCRIPT       : [DayZ-BattleRoyale][4] cfg ViewPoint_12  0x00000000adfdd3e0 {241,11867} ViewPoint
SCRIPT       : [DayZ-BattleRoyale][4] cfg ViewPoint_13  0x00000000adfddb20 {1153,12411} ViewPoint
SCRIPT       : [DayZ-BattleRoyale][4] cfg ViewPoint_14  0x00000000adfdd420 {2320,13650} ViewPoint
SCRIPT       : [DayZ-BattleRoyale][4] cfg ViewPoint_15  0x00000000adfdd220 {4084,14570} ViewPoint
SCRIPT       : [DayZ-BattleRoyale][4] cfg ViewPoint_16  0x00000000adfdda60 {4445,15045} ViewPoint
SCRIPT       : [DayZ-BattleRoyale][4] cfg ViewPoint_17  0x00000000adfdd8a0 {4926,14820} ViewPoint
SCRIPT       : [DayZ-BattleRoyale][4] cfg ViewPoint_18  0x00000000adfdd720 {5172,14841} ViewPoint
SCRIPT       : [DayZ-BattleRoyale][4] cfg ViewPoint_19  0x00000000adfddce0 {5345,14873} ViewPoint
SCRIPT       : [DayZ-BattleRoyale][4] cfg ViewPoint_20  0x00000000adfdd760 {5480,14822} ViewPoint
SCRIPT       : [DayZ-BattleRoyale][4] cfg ViewPoint_21  0x00000000adfdd7a0 {5692,14771} ViewPoint
SCRIPT       : [DayZ-BattleRoyale][4] cfg ViewPoint_22  0x00000000adfdd2e0 {5896,14747} ViewPoint
SCRIPT       : [DayZ-BattleRoyale][4] cfg ViewPoint_23  0x00000000adfddae0 {6246,14707} ViewPoint
SCRIPT       : [DayZ-BattleRoyale][4] cfg ViewPoint_24  0x00000000adfdde60 {6434,14816} ViewPoint
SCRIPT       : [DayZ-BattleRoyale][4] cfg ViewPoint_25  0x00000000adfddb60 {6707,13961} ViewPoint
SCRIPT       : [DayZ-BattleRoyale][4] cfg ViewPoint_26  0x00000000adfdd5e0 {6861,14115} ViewPoint
SCRIPT       : [DayZ-BattleRoyale][4] cfg ViewPoint_27  0x00000000adfddba0 {8710,14200} ViewPoint
SCRIPT       : [DayZ-BattleRoyale][4] cfg ViewPoint_28  0x00000000adfddc20 {10822,14651} ViewPoint
SCRIPT       : [DayZ-BattleRoyale][4] cfg ViewPoint_29  0x00000000adfde120 {11369,15037} ViewPoint
SCRIPT       : [DayZ-BattleRoyale][4] cfg ViewPoint_30  0x00000000adfdd320 {13604,14632} ViewPoint
SCRIPT       : [DayZ-BattleRoyale][4] cfg ViewPoint_31  0x00000000adfdd7e0 {13877,14703} ViewPoint
SCRIPT       : [DayZ-BattleRoyale][4] cfg ViewPoint_32  0x00000000adfdd260 {14140,15244} ViewPoint
SCRIPT       : [DayZ-BattleRoyale][4] cfg ViewPoint_33  0x00000000adfdd2a0 {13840,13833} ViewPoint
SCRIPT       : [DayZ-BattleRoyale][4] cfg ViewPoint_34  0x00000000adfdd6a0 {14075,13889} ViewPoint
SCRIPT       : [DayZ-BattleRoyale][4] cfg ViewPoint_35  0x00000000adfde0e0 {14895,13611} ViewPoint
SCRIPT       : [DayZ-BattleRoyale][4] cfg ViewPoint_36  0x00000000adfdd360 {14828,13759} ViewPoint
SCRIPT       : [DayZ-BattleRoyale][4] cfg ViewPoint_37  0x00000000adfddc60 {11982,13388} ViewPoint
SCRIPT       : [DayZ-BattleRoyale][4] cfg ViewPoint_38  0x00000000adfdd460 {11690,13511} ViewPoint
SCRIPT       : [DayZ-BattleRoyale][4] cfg ViewPoint_39  0x00000000adfdd3a0 {11473,13580} ViewPoint
SCRIPT       : [DayZ-BattleRoyale][4] cfg ViewPoint_40  0x00000000adfddd20 {11376,13661} ViewPoint
SCRIPT       : [DayZ-BattleRoyale][4] cfg ViewPoint_41  0x00000000adfddd60 {13937,11250} ViewPoint
SCRIPT       : [DayZ-BattleRoyale][4] cfg ViewPoint_42  0x00000000adfdd8e0 {11481,8429} ViewPoint
SCRIPT       : [DayZ-BattleRoyale][4] cfg ViewPoint_43  0x00000000adfdd1e0 {11574,7743} ViewPoint
SCRIPT       : [DayZ-BattleRoyale][4] cfg ViewPoint_44  0x00000000adfddda0 {12123,6997} ViewPoint
SCRIPT       : [DayZ-BattleRoyale][4] cfg ViewPoint_45  0x00000000adfddf60 {12980,5967} ViewPoint
SCRIPT       : [DayZ-BattleRoyale][4] cfg ViewPoint_46  0x00000000adfdd960 {12352,4519} ViewPoint
SCRIPT       : [DayZ-BattleRoyale][4] cfg ViewPoint_47  0x00000000adfdd560 {12304,3976} ViewPoint
SCRIPT       : [DayZ-BattleRoyale][4] cfg ViewPoint_48  0x00000000adfdd820 {10584,2867} ViewPoint
SCRIPT       : [DayZ-BattleRoyale][4] cfg ViewPoint_49  0x00000000adfdd920 {8767,2959} ViewPoint
SCRIPT       : [DayZ-BattleRoyale][4] cfg ViewPoint_50  0x00000000adfdd4a0 {8811,2850} ViewPoint
SCRIPT       : [DayZ-BattleRoyale][4] cfg ViewPoint_51  0x00000000adfdd1a0 {8547,3872} ViewPoint
SCRIPT       : [DayZ-BattleRoyale][4] cfg ViewPoint_52  0x00000000adfddfa0 {9029,4380} ViewPoint
SCRIPT       : [DayZ-BattleRoyale][4] cfg ViewPoint_53  0x00000000adfde060 {10741,4180} ViewPoint
SCRIPT       : [DayZ-BattleRoyale][4] cfg ViewPoint_54  0x00000000adfde0a0 {6897,11648} ViewPoint
SCRIPT       : [DayZ-BattleRoyale][4] cfg ViewPoint_55  0x00000000adfdd160 {5633,6885} ViewPoint
SCRIPT       : [DayZ-BattleRoyale][4] cfg ViewPoint_56  0x00000000adfdd520 {1456,9611} ViewPoint
SCRIPT       : [DayZ-BattleRoyale][4] cfg ViewPoint_57  0x00000000adfdd620 {1941,6768} ViewPoint
SCRIPT       : vector poi_position = 0x000000001408ab08 {<7166.75,282.36,7516.96>}
SCRIPT       : [DayZ-BattleRoyale][4] area_center x: 7166.75
SCRIPT       : [DayZ-BattleRoyale][4] area_center z: 7516.96
SCRIPT       : [DayZ-BattleRoyale][4] Zone Data
SCRIPT       : 0x00000000ae8c8270 {<7166.75,282.36,7516.96>}
SCRIPT       : 35
SCRIPT       : [DayZ-BattleRoyale][4] Generate Area 1
SCRIPT       : [DayZ-BattleRoyale][4] radius: 140
SCRIPT       : [DayZ-BattleRoyale][4] area_center x: 7212.76
SCRIPT       : [DayZ-BattleRoyale][4] area_center z: 7479.58
SCRIPT       : [DayZ-BattleRoyale][4] Zone Data
SCRIPT       : 0x00000000ae8c8270 {<7212.76,280.328,7479.58>}
SCRIPT       : 140
SCRIPT       : [DayZ-BattleRoyale][4] Generate Area 2
SCRIPT       : [DayZ-BattleRoyale][4] radius: 562
SCRIPT       : [DayZ-BattleRoyale][4] area_center x: 7369.52
SCRIPT       : [DayZ-BattleRoyale][4] area_center z: 7391.16
SCRIPT       : [DayZ-BattleRoyale][4] Zone Data
SCRIPT       : 0x00000000ae8c8270 {<7369.52,289.804,7391.16>}
SCRIPT       : 562
SCRIPT       : [DayZ-BattleRoyale][4] Generate Area 3
SCRIPT       : [DayZ-BattleRoyale][4] radius: 1125
SCRIPT       : [DayZ-BattleRoyale][4] area_center x: 7498.42
SCRIPT       : [DayZ-BattleRoyale][4] area_center z: 7009.98
SCRIPT       : [DayZ-BattleRoyale][4] Zone Data
SCRIPT       : 0x00000000ae8c8270 {<7498.42,296.852,7009.98>}
SCRIPT       : 1125
SCRIPT       : [DayZ-BattleRoyale][4] Generate Area 4
SCRIPT       : [DayZ-BattleRoyale][4] radius: 2250
SCRIPT       : [DayZ-BattleRoyale][4] area_center x: 7757.66
SCRIPT       : [DayZ-BattleRoyale][4] area_center z: 6569.37
SCRIPT       : [DayZ-BattleRoyale][4] Zone Data
SCRIPT       : 0x00000000ae8c8270 {<7757.66,311.76,6569.37>}
SCRIPT       : 2250
SCRIPT       : [DayZ-BattleRoyale][4] Generate Area 5
SCRIPT       : [DayZ-BattleRoyale][4] radius: 3375
SCRIPT       : [DayZ-BattleRoyale][4] area_center x: 8160.5
SCRIPT       : [DayZ-BattleRoyale][4] area_center z: 7105.39
SCRIPT       : [DayZ-BattleRoyale][4] Zone Data
SCRIPT       : 0x00000000ae8c8270 {<8160.5,356.717,7105.39>}
SCRIPT       : 3375
SCRIPT       : [DayZ-BattleRoyale][4] Return zone number: 5
SCRIPT       : Create round Gameplay State (0)
SCRIPT       : Can't cast m_PreviousState to BattleRoyaleRound!
SCRIPT       : - Duration: 495
SCRIPT       : - Num zone: 1/6
SCRIPT       : - Min players: 33
SCRIPT       : - Damage scale: 0.0166667
SCRIPT       : [DayZ-BattleRoyale][4] Add Round 1
SCRIPT       : Accessing Game Data Config...
SCRIPT       : Gameplay State (0) Init!
SCRIPT       : [BattleRoyaleZone] Create zone 1
SCRIPT       : Accessing Zone Data Config...
SCRIPT       : Accessing Game Data Config...
SCRIPT       : [DayZ-BattleRoyale][4] BattleRoyaleZone Init()
SCRIPT       : [DayZ-BattleRoyale][4] Return zone number: 4
SCRIPT       : Create round Gameplay State (0)
SCRIPT       : - Previous zone number: 1
SCRIPT       : - Duration: 495
SCRIPT       : - Num zone: 2/6
SCRIPT       : - Min players: 22
SCRIPT       : - Damage scale: 0.0333333
SCRIPT       : [DayZ-BattleRoyale][4] Add Round 2
SCRIPT       : Accessing Game Data Config...
SCRIPT       : Gameplay State (0) Init!
SCRIPT       : [BattleRoyaleZone] Create zone 2
SCRIPT       : Accessing Zone Data Config...
SCRIPT       : Accessing Game Data Config...
SCRIPT       : [DayZ-BattleRoyale][4] BattleRoyaleZone Init()
SCRIPT       : [DayZ-BattleRoyale][4] Return zone number: 3
SCRIPT       : Create round Gameplay State (0)
SCRIPT       : - Previous zone number: 2
SCRIPT       : - Duration: 495
SCRIPT       : - Num zone: 3/6
SCRIPT       : - Min players: 11
SCRIPT       : - Damage scale: 0.05
SCRIPT       : [DayZ-BattleRoyale][4] Add Round 3
SCRIPT       : Accessing Game Data Config...
SCRIPT       : Gameplay State (0) Init!
SCRIPT       : [BattleRoyaleZone] Create zone 3
SCRIPT       : Accessing Zone Data Config...
SCRIPT       : Accessing Game Data Config...
SCRIPT       : [DayZ-BattleRoyale][4] BattleRoyaleZone Init()
SCRIPT       : [DayZ-BattleRoyale][4] Return zone number: 2
SCRIPT       : Create round Gameplay State (0)
SCRIPT       : - Previous zone number: 3
SCRIPT       : - Duration: 307
SCRIPT       : - Num zone: 4/6
SCRIPT       : - Min players: 10
SCRIPT       : - Damage scale: 0.0666667
SCRIPT       : [DayZ-BattleRoyale][4] Add Round 4
SCRIPT       : Accessing Game Data Config...
SCRIPT       : Gameplay State (0) Init!
SCRIPT       : [BattleRoyaleZone] Create zone 4
SCRIPT       : Accessing Zone Data Config...
SCRIPT       : Accessing Game Data Config...
SCRIPT       : [DayZ-BattleRoyale][4] BattleRoyaleZone Init()
SCRIPT       : [DayZ-BattleRoyale][4] Return zone number: 1
SCRIPT       : Create round Gameplay State (0)
SCRIPT       : - Previous zone number: 4
SCRIPT       : - Duration: 260
SCRIPT       : - Num zone: 5/6
SCRIPT       : - Min players: 10
SCRIPT       : - Damage scale: 0.0833333
SCRIPT       : [DayZ-BattleRoyale][4] Add Round 5
SCRIPT       : Accessing Game Data Config...
SCRIPT       : Gameplay State (0) Init!
SCRIPT       : [BattleRoyaleZone] Create zone 5
SCRIPT       : Accessing Zone Data Config...
SCRIPT       : Accessing Game Data Config...
SCRIPT       : [DayZ-BattleRoyale][4] BattleRoyaleZone Init()
SCRIPT       : [DayZ-BattleRoyale][4] Return zone number: 0
SCRIPT       : Create round Gameplay State (0)
SCRIPT       : - Previous zone number: 5
SCRIPT       : - Duration: 155
SCRIPT       : - Num zone: 6/6
SCRIPT       : - Min players: 10
SCRIPT       : - Damage scale: 0.1
SCRIPT       : Accessing Game Data Config...
SCRIPT       : Accessing Zone Data Config...
SCRIPT       : BattleRoyale: Randomizing Environment!
SCRIPT       : Found 0 zones!
SCRIPT       :  !!! OnSuccess() size=18
SCRIPT       : string data = '{"status":"error"}'
